Started ChromeDriver
port=21698
version=26.0.1383.0
log=D:\Vijay\Eclipse Workspace\CRAFTLite_SelWebDrv_POM_UiMap\chromedriver.log
java.lang.IllegalStateException: Find a Flight page expected, but not displayed!
	at pages.FlightFinderPage.<init>(FlightFinderPage.java:36)
	at pages.SignOnPage.loginAsValidUser(SignOnPage.java:35)
	at functionallibraries.FunctionalLibrary.loginAsValidUserAndLogout(FunctionalLibrary.java:27)
	at testscripts.scenario1.TC1.executeTest(TC1.java:50)
	at supportlibraries.DriverScript.executeTestIterations(DriverScript.java:376)
	at supportlibraries.DriverScript.driveTestExecution(DriverScript.java:101)
	at testscripts.scenario1.TC1.runTC1(TC1.java:32)
	at sun.reflect.NativeMethodAccessorImpl.invoke0(Native Method)
	at sun.reflect.NativeMethodAccessorImpl.invoke(Unknown Source)
	at sun.reflect.DelegatingMethodAccessorImpl.invoke(Unknown Source)
	at java.lang.reflect.Method.invoke(Unknown Source)
	at org.testng.internal.MethodInvocationHelper.invokeMethod(MethodInvocationHelper.java:80)
	at org.testng.internal.Invoker.invokeMethod(Invoker.java:714)
	at org.testng.internal.Invoker.invokeTestMethod(Invoker.java:901)
	at org.testng.internal.Invoker.invokeTestMethods(Invoker.java:1231)
	at org.testng.internal.TestMethodWorker.invokeTestMethods(TestMethodWorker.java:128)
	at org.testng.internal.TestMethodWorker.run(TestMethodWorker.java:111)
	at java.util.concurrent.ThreadPoolExecutor$Worker.runTask(Unknown Source)
	at java.util.concurrent.ThreadPoolExecutor$Worker.run(Unknown Source)
	at java.lang.Thread.run(Unknown Source)
java.lang.IllegalStateException: Find a Flight page expected, but not displayed!
	at pages.FlightFinderPage.<init>(FlightFinderPage.java:36)
	at pages.SignOnPage.loginAsValidUser(SignOnPage.java:35)
	at functionallibraries.FunctionalLibrary.loginAsValidUserAndLogout(FunctionalLibrary.java:27)
	at testscripts.scenario1.TC3.executeTest(TC3.java:70)
	at supportlibraries.DriverScript.executeTestIterations(DriverScript.java:376)
	at supportlibraries.DriverScript.driveTestExecution(DriverScript.java:101)
	at testscripts.scenario1.TC3.runTC3(TC3.java:33)
	at sun.reflect.NativeMethodAccessorImpl.invoke0(Native Method)
	at sun.reflect.NativeMethodAccessorImpl.invoke(Unknown Source)
	at sun.reflect.DelegatingMethodAccessorImpl.invoke(Unknown Source)
	at java.lang.reflect.Method.invoke(Unknown Source)
	at org.testng.internal.MethodInvocationHelper.invokeMethod(MethodInvocationHelper.java:80)
	at org.testng.internal.Invoker.invokeMethod(Invoker.java:714)
	at org.testng.internal.Invoker.invokeTestMethod(Invoker.java:901)
	at org.testng.internal.Invoker.invokeTestMethods(Invoker.java:1231)
	at org.testng.internal.TestMethodWorker.invokeTestMethods(TestMethodWorker.java:128)
	at org.testng.internal.TestMethodWorker.run(TestMethodWorker.java:111)
	at java.util.concurrent.ThreadPoolExecutor$Worker.runTask(Unknown Source)
	at java.util.concurrent.ThreadPoolExecutor$Worker.run(Unknown Source)
	at java.lang.Thread.run(Unknown Source)
